[debug] [2022-05-06T11:09:24.291Z] ----------------------------------------------------------------------
[debug] [2022-05-06T11:09:24.295Z] Command:       C:\Program Files\nodejs\node.exe C:\Users\Gazzali Mow\AppData\Roaming\npm\node_modules\firebase-tools\lib\bin\firebase.js deploy
[debug] [2022-05-06T11:09:24.296Z] CLI Version:   10.6.0
[debug] [2022-05-06T11:09:24.296Z] Platform:      win32
[debug] [2022-05-06T11:09:24.296Z] Node Version:  v16.13.2
[debug] [2022-05-06T11:09:24.424Z] Time:          Fri May 06 2022 04:09:24 GMT-0700 (Pacific Daylight Time)
[debug] [2022-05-06T11:09:24.425Z] ----------------------------------------------------------------------
[debug] 
[debug] [2022-05-06T11:09:24.468Z] >>> [apiv2][query] GET https://firebase-public.firebaseio.com/cli.json [none]
[debug] [2022-05-06T11:09:24.762Z] > command requires scopes: ["email","openid","https://www.googleapis.com/auth/cloudplatformprojects.readonly","https://www.googleapis.com/auth/firebase","https://www.googleapis.com/auth/cloud-platform"]
[debug] [2022-05-06T11:09:24.762Z] > authorizing via signed-in user (milonmridha570@gmail.com)
[debug] [2022-05-06T11:09:24.763Z] [iam] checking project perfume-wear-house for permissions ["firebase.projects.get","firebasehosting.sites.update"]
[debug] [2022-05-06T11:09:24.765Z] > refreshing access token with scopes: []
[debug] [2022-05-06T11:09:24.767Z] >>> HTTP REQUEST POST https://www.googleapis.com/oauth2/v3/token  
 <request body omitted>
[debug] [2022-05-06T11:09:25.052Z] <<< HTTP RESPONSE 200 {"date":"Fri, 06 May 2022 11:09:25 GMT","expires":"Mon, 01 Jan 1990 00:00:00 GMT","pragma":"no-cache","cache-control":"no-cache, no-store, max-age=0, must-revalidate","content-type":"application/json; charset=utf-8","vary":"X-Origin, Referer, Origin,Accept-Encoding","server":"scaffolding on HTTPServer2","x-xss-protection":"0","x-frame-options":"SAMEORIGIN","x-content-type-options":"nosniff","alt-svc":"h3=\":443\"; ma=2592000,h3-29=\":443\"; ma=2592000,h3-Q050=\":443\"; ma=2592000,h3-Q046=\":443\"; ma=2592000,h3-Q043=\":443\"; ma=2592000,quic=\":443\"; ma=2592000; v=\"46,43\"","accept-ranges":"none","transfer-encoding":"chunked"}
[debug] [2022-05-06T11:09:25.138Z] >>> [apiv2][query] POST https://cloudresourcemanager.googleapis.com/v1/projects/perfume-wear-house:testIamPermissions [none]
[debug] [2022-05-06T11:09:25.139Z] >>> [apiv2][body] POST https://cloudresourcemanager.googleapis.com/v1/projects/perfume-wear-house:testIamPermissions {"permissions":["firebase.projects.get","firebasehosting.sites.update"]}
[debug] [2022-05-06T11:09:25.649Z] <<< [apiv2][status] GET https://firebase-public.firebaseio.com/cli.json 200
[debug] [2022-05-06T11:09:25.649Z] <<< [apiv2][body] GET https://firebase-public.firebaseio.com/cli.json {"cloudBuildErrorAfter":1594252800000,"cloudBuildWarnAfter":1590019200000,"defaultNode10After":1594252800000,"minVersion":"3.0.5","node8DeploysDisabledAfter":1613390400000,"node8RuntimeDisabledAfter":1615809600000,"node8WarnAfter":1600128000000}
[debug] [2022-05-06T11:09:26.353Z] <<< [apiv2][status] POST https://cloudresourcemanager.googleapis.com/v1/projects/perfume-wear-house:testIamPermissions 200
[debug] [2022-05-06T11:09:26.353Z] <<< [apiv2][body] POST https://cloudresourcemanager.googleapis.com/v1/projects/perfume-wear-house:testIamPermissions {"permissions":["firebase.projects.get","firebasehosting.sites.update"]}
[debug] [2022-05-06T11:09:26.357Z] >>> [apiv2][query] GET https://firebase.googleapis.com/v1beta1/projects/perfume-wear-house [none]
[debug] [2022-05-06T11:09:26.823Z] <<< [apiv2][status] GET https://firebase.googleapis.com/v1beta1/projects/perfume-wear-house 200
[debug] [2022-05-06T11:09:26.824Z] <<< [apiv2][body] GET https://firebase.googleapis.com/v1beta1/projects/perfume-wear-house {"projectId":"perfume-wear-house","projectNumber":"767802881075","displayName":"perfume wear house","name":"projects/perfume-wear-house","resources":{"hostingSite":"perfume-wear-house"},"state":"ACTIVE"}
[info] 
[info] === Deploying to 'perfume-wear-house'...
[info] 
[info] i  deploying hosting 
[debug] [2022-05-06T11:09:26.835Z] >>> [apiv2][query] GET https://firebase.googleapis.com/v1beta1/projects/perfume-wear-house [none]
[debug] [2022-05-06T11:09:27.227Z] <<< [apiv2][status] GET https://firebase.googleapis.com/v1beta1/projects/perfume-wear-house 200
[debug] [2022-05-06T11:09:27.228Z] <<< [apiv2][body] GET https://firebase.googleapis.com/v1beta1/projects/perfume-wear-house {"projectId":"perfume-wear-house","projectNumber":"767802881075","displayName":"perfume wear house","name":"projects/perfume-wear-house","resources":{"hostingSite":"perfume-wear-house"},"state":"ACTIVE"}
[debug] [2022-05-06T11:09:27.235Z] >>> [apiv2][query] POST https://firebasehosting.googleapis.com/v1beta1/projects/767802881075/sites/perfume-wear-house/versions [none]
[debug] [2022-05-06T11:09:27.235Z] >>> [apiv2][body] POST https://firebasehosting.googleapis.com/v1beta1/projects/767802881075/sites/perfume-wear-house/versions {"config":{"rewrites":[{"glob":"**","path":"/index.html"}]},"labels":{"deployment-tool":"cli-firebase"}}
[debug] [2022-05-06T11:09:28.888Z] <<< [apiv2][status] POST https://firebasehosting.googleapis.com/v1beta1/projects/767802881075/sites/perfume-wear-house/versions 200
[debug] [2022-05-06T11:09:28.888Z] <<< [apiv2][body] POST https://firebasehosting.googleapis.com/v1beta1/projects/767802881075/sites/perfume-wear-house/versions {"name":"projects/767802881075/sites/perfume-wear-house/versions/53ad652a17ea9d5b","status":"CREATED","config":{"rewrites":[{"glob":"**","path":"/index.html"}]},"labels":{"deployment-tool":"cli-firebase"}}
[info] i  hosting[perfume-wear-house]: beginning deploy... 
[info] i  hosting[perfume-wear-house]: found 22 files in build 
[debug] [2022-05-06T11:09:28.964Z] [hosting] uploading with 200 concurrency
[debug] [2022-05-06T11:09:29.425Z] [hosting] hash cache [YnVpbGQ] stored for 22 files
[debug] [2022-05-06T11:09:29.425Z] [hosting][hash queue][FINAL] {"max":351,"min":16,"avg":79.63636363636363,"active":0,"complete":22,"success":22,"errored":0,"retried":0,"total":22,"elapsed":430}
[debug] [2022-05-06T11:09:29.426Z] >>> [apiv2][query] POST https://firebasehosting.googleapis.com/v1beta1/projects/767802881075/sites/perfume-wear-house/versions/53ad652a17ea9d5b:populateFiles [none]
[debug] [2022-05-06T11:09:29.426Z] >>> [apiv2][body] POST https://firebasehosting.googleapis.com/v1beta1/projects/767802881075/sites/perfume-wear-house/versions/53ad652a17ea9d5b:populateFiles {"files":{"/favicon.ico":"eae62e993eb980ec8a25058c39d5a51feab118bd2100c4deebb2a9c158ec11f9","/logo192.png":"3ee59515172ee198f3be375979df15ac5345183e656720a381b8872b2a39dc8b","/logo512.png":"ee7e2f3fdb8209c4b6fd7bef6ba50d1b9dba30a25bb5c3126df057e1cb6f5331","/manifest.json":"aff3449bdc238776f5d6d967f19ec491b36aed5fb7f23ccff6500736fd58494a","/robots.txt":"bfe106a3fb878dc83461c86818bf74fc1bdc7f28538ba613cd3e775516ce8b49","/asset-manifest.json":"551c9966ef243f1c40b7f40372affbc5850bf6507fb796965a07c38cd56c5c9d","/index.html":"1a317d16ddf8852e851b0e634f004b034df92f2ee94505302d5e55a02b31d6b7","/static/js/787.17d7c4ee.chunk.js":"3cc852beeda7a8e1887f49e578a5e93169de9bcec5a8a393e065d6c6a24a970c","/static/js/787.17d7c4ee.chunk.js.map":"524f7f6d82c367114a01d03fcf2d66aa39ab82b0340c526a0f11b211e30bfc30","/static/js/main.a9e65d83.js.LICENSE.txt":"980850d0c97fc4da1718320dcc140b4bafb239b14275f3a5d9640098e064ab8a","/static/media/instragam.75e0546a6b5abe4c0506.png":"51525cc777b7ac44f7b0405dede701f84b8c6f9d52e4e12dfdb576c0473c757b","/static/media/banner-1.6528e9b8e3963161e9b9.jpg":"9ccde91dbc33eb02e3dfcf8fdda98b28134a3387a20610b913638956e0625063","/perfume.json":"e16a591de756d60d296422d4244a12686d9d3f95f748492e444df3f4cae625d3","/static/css/main.d7c451bf.css":"f2cf8d5ccc0e479f8893379e384b89c02b63916443e2aa2da4db63de3f2b380d","/static/media/USPaymentMethodsKlarna.42f1653cd7f17fdee041.JPG":"25e62479aadeade2e58a21ddda956757afc8a08f4769d6a65672fd9ae084b087","/static/media/you-2.e7bc9c10bb4358c49899.png":"b67ec67255f0664d54465c2006c613d456dffe2e74263757d4a9e903bd643333","/static/media/banner-4.9ff4b0067cdf3c9bdb64.jpg":"ca920df742e0500413be8e1a5503a9562359e963fde254e77c40db290019fe63","/static/media/banner-2.268355a9672b6b68a811.jpg":"d5cca1d8fdb648b5401d038fbe8dfe4d668c9a1545571f7b6a4c80d88ad37b14","/static/media/new.a45ca32541ceebd2cc51.jpg":"14583495ff6cb946ffbbb1d1205a754f76d8e016e3df35bd54fd9c6c6107f10c","/static/js/main.a9e65d83.js":"59441235c0fa49d9701d79562ba9466ca416ff80a34db1f94e38b27ce139abfb","/static/css/main.d7c451bf.css.map":"379aec9900349c92e1d1a6bcb4c0104546b2b9c5b6866615d828b219ae44d9d6","/static/js/main.a9e65d83.js.map":"6c128e6469ec10f11226b25c5a6443b56883ff3f987403caa39e2d0158891550"}}
[debug] [2022-05-06T11:09:30.963Z] <<< [apiv2][status] POST https://firebasehosting.googleapis.com/v1beta1/projects/767802881075/sites/perfume-wear-house/versions/53ad652a17ea9d5b:populateFiles 200
[debug] [2022-05-06T11:09:30.963Z] <<< [apiv2][body] POST https://firebasehosting.googleapis.com/v1beta1/projects/767802881075/sites/perfume-wear-house/versions/53ad652a17ea9d5b:populateFiles {"uploadRequiredHashes":["6c128e6469ec10f11226b25c5a6443b56883ff3f987403caa39e2d0158891550","59441235c0fa49d9701d79562ba9466ca416ff80a34db1f94e38b27ce139abfb","f2cf8d5ccc0e479f8893379e384b89c02b63916443e2aa2da4db63de3f2b380d","51525cc777b7ac44f7b0405dede701f84b8c6f9d52e4e12dfdb576c0473c757b","1a317d16ddf8852e851b0e634f004b034df92f2ee94505302d5e55a02b31d6b7","14583495ff6cb946ffbbb1d1205a754f76d8e016e3df35bd54fd9c6c6107f10c","551c9966ef243f1c40b7f40372affbc5850bf6507fb796965a07c38cd56c5c9d","379aec9900349c92e1d1a6bcb4c0104546b2b9c5b6866615d828b219ae44d9d6","b67ec67255f0664d54465c2006c613d456dffe2e74263757d4a9e903bd643333","25e62479aadeade2e58a21ddda956757afc8a08f4769d6a65672fd9ae084b087"],"uploadUrl":"https://upload-firebasehosting.googleapis.com/upload/sites/perfume-wear-house/versions/53ad652a17ea9d5b/files"}
[debug] [2022-05-06T11:09:30.967Z] >>> [apiv2][query] POST https://upload-firebasehosting.googleapis.com/upload/sites/perfume-wear-house/versions/53ad652a17ea9d5b/files/6c128e6469ec10f11226b25c5a6443b56883ff3f987403caa39e2d0158891550 [none]
[debug] [2022-05-06T11:09:30.968Z] >>> [apiv2][body] POST https://upload-firebasehosting.googleapis.com/upload/sites/perfume-wear-house/versions/53ad652a17ea9d5b/files/6c128e6469ec10f11226b25c5a6443b56883ff3f987403caa39e2d0158891550 [stream]
[debug] [2022-05-06T11:09:30.969Z] >>> [apiv2][query] POST https://upload-firebasehosting.googleapis.com/upload/sites/perfume-wear-house/versions/53ad652a17ea9d5b/files/59441235c0fa49d9701d79562ba9466ca416ff80a34db1f94e38b27ce139abfb [none]
[debug] [2022-05-06T11:09:30.969Z] >>> [apiv2][body] POST https://upload-firebasehosting.googleapis.com/upload/sites/perfume-wear-house/versions/53ad652a17ea9d5b/files/59441235c0fa49d9701d79562ba9466ca416ff80a34db1f94e38b27ce139abfb [stream]
[debug] [2022-05-06T11:09:30.971Z] >>> [apiv2][query] POST https://upload-firebasehosting.googleapis.com/upload/sites/perfume-wear-house/versions/53ad652a17ea9d5b/files/f2cf8d5ccc0e479f8893379e384b89c02b63916443e2aa2da4db63de3f2b380d [none]
[debug] [2022-05-06T11:09:30.972Z] >>> [apiv2][body] POST https://upload-firebasehosting.googleapis.com/upload/sites/perfume-wear-house/versions/53ad652a17ea9d5b/files/f2cf8d5ccc0e479f8893379e384b89c02b63916443e2aa2da4db63de3f2b380d [stream]
[debug] [2022-05-06T11:09:30.973Z] >>> [apiv2][query] POST https://upload-firebasehosting.googleapis.com/upload/sites/perfume-wear-house/versions/53ad652a17ea9d5b/files/51525cc777b7ac44f7b0405dede701f84b8c6f9d52e4e12dfdb576c0473c757b [none]
[debug] [2022-05-06T11:09:30.973Z] >>> [apiv2][body] POST https://upload-firebasehosting.googleapis.com/upload/sites/perfume-wear-house/versions/53ad652a17ea9d5b/files/51525cc777b7ac44f7b0405dede701f84b8c6f9d52e4e12dfdb576c0473c757b [stream]
[debug] [2022-05-06T11:09:30.975Z] >>> [apiv2][query] POST https://upload-firebasehosting.googleapis.com/upload/sites/perfume-wear-house/versions/53ad652a17ea9d5b/files/1a317d16ddf8852e851b0e634f004b034df92f2ee94505302d5e55a02b31d6b7 [none]
[debug] [2022-05-06T11:09:30.975Z] >>> [apiv2][body] POST https://upload-firebasehosting.googleapis.com/upload/sites/perfume-wear-house/versions/53ad652a17ea9d5b/files/1a317d16ddf8852e851b0e634f004b034df92f2ee94505302d5e55a02b31d6b7 [stream]
[debug] [2022-05-06T11:09:30.977Z] >>> [apiv2][query] POST https://upload-firebasehosting.googleapis.com/upload/sites/perfume-wear-house/versions/53ad652a17ea9d5b/files/14583495ff6cb946ffbbb1d1205a754f76d8e016e3df35bd54fd9c6c6107f10c [none]
[debug] [2022-05-06T11:09:30.977Z] >>> [apiv2][body] POST https://upload-firebasehosting.googleapis.com/upload/sites/perfume-wear-house/versions/53ad652a17ea9d5b/files/14583495ff6cb946ffbbb1d1205a754f76d8e016e3df35bd54fd9c6c6107f10c [stream]
[debug] [2022-05-06T11:09:30.979Z] >>> [apiv2][query] POST https://upload-firebasehosting.googleapis.com/upload/sites/perfume-wear-house/versions/53ad652a17ea9d5b/files/551c9966ef243f1c40b7f40372affbc5850bf6507fb796965a07c38cd56c5c9d [none]
[debug] [2022-05-06T11:09:30.979Z] >>> [apiv2][body] POST https://upload-firebasehosting.googleapis.com/upload/sites/perfume-wear-house/versions/53ad652a17ea9d5b/files/551c9966ef243f1c40b7f40372affbc5850bf6507fb796965a07c38cd56c5c9d [stream]
[debug] [2022-05-06T11:09:30.981Z] >>> [apiv2][query] POST https://upload-firebasehosting.googleapis.com/upload/sites/perfume-wear-house/versions/53ad652a17ea9d5b/files/379aec9900349c92e1d1a6bcb4c0104546b2b9c5b6866615d828b219ae44d9d6 [none]
[debug] [2022-05-06T11:09:30.981Z] >>> [apiv2][body] POST https://upload-firebasehosting.googleapis.com/upload/sites/perfume-wear-house/versions/53ad652a17ea9d5b/files/379aec9900349c92e1d1a6bcb4c0104546b2b9c5b6866615d828b219ae44d9d6 [stream]
[debug] [2022-05-06T11:09:30.983Z] >>> [apiv2][query] POST https://upload-firebasehosting.googleapis.com/upload/sites/perfume-wear-house/versions/53ad652a17ea9d5b/files/b67ec67255f0664d54465c2006c613d456dffe2e74263757d4a9e903bd643333 [none]
[debug] [2022-05-06T11:09:30.983Z] >>> [apiv2][body] POST https://upload-firebasehosting.googleapis.com/upload/sites/perfume-wear-house/versions/53ad652a17ea9d5b/files/b67ec67255f0664d54465c2006c613d456dffe2e74263757d4a9e903bd643333 [stream]
[debug] [2022-05-06T11:09:30.984Z] >>> [apiv2][query] POST https://upload-firebasehosting.googleapis.com/upload/sites/perfume-wear-house/versions/53ad652a17ea9d5b/files/25e62479aadeade2e58a21ddda956757afc8a08f4769d6a65672fd9ae084b087 [none]
[debug] [2022-05-06T11:09:30.984Z] >>> [apiv2][body] POST https://upload-firebasehosting.googleapis.com/upload/sites/perfume-wear-house/versions/53ad652a17ea9d5b/files/25e62479aadeade2e58a21ddda956757afc8a08f4769d6a65672fd9ae084b087 [stream]
[debug] [2022-05-06T11:09:30.986Z] [hosting][populate queue][FINAL] {"max":1548,"min":1548,"avg":1548,"active":0,"complete":1,"success":1,"errored":0,"retried":0,"total":1,"elapsed":1567}
[debug] [2022-05-06T11:09:30.987Z] [hosting] uploads queued: 10
[debug] [2022-05-06T11:09:32.928Z] <<< [apiv2][status] POST https://upload-firebasehosting.googleapis.com/upload/sites/perfume-wear-house/versions/53ad652a17ea9d5b/files/f2cf8d5ccc0e479f8893379e384b89c02b63916443e2aa2da4db63de3f2b380d 200
[debug] [2022-05-06T11:09:32.929Z] <<< [apiv2][body] POST https://upload-firebasehosting.googleapis.com/upload/sites/perfume-wear-house/versions/53ad652a17ea9d5b/files/f2cf8d5ccc0e479f8893379e384b89c02b63916443e2aa2da4db63de3f2b380d [stream]
[debug] [2022-05-06T11:09:33.726Z] <<< [apiv2][status] POST https://upload-firebasehosting.googleapis.com/upload/sites/perfume-wear-house/versions/53ad652a17ea9d5b/files/6c128e6469ec10f11226b25c5a6443b56883ff3f987403caa39e2d0158891550 200
[debug] [2022-05-06T11:09:33.727Z] <<< [apiv2][body] POST https://upload-firebasehosting.googleapis.com/upload/sites/perfume-wear-house/versions/53ad652a17ea9d5b/files/6c128e6469ec10f11226b25c5a6443b56883ff3f987403caa39e2d0158891550 [stream]
[debug] [2022-05-06T11:09:33.987Z] <<< [apiv2][status] POST https://upload-firebasehosting.googleapis.com/upload/sites/perfume-wear-house/versions/53ad652a17ea9d5b/files/14583495ff6cb946ffbbb1d1205a754f76d8e016e3df35bd54fd9c6c6107f10c 200
[debug] [2022-05-06T11:09:33.987Z] <<< [apiv2][body] POST https://upload-firebasehosting.googleapis.com/upload/sites/perfume-wear-house/versions/53ad652a17ea9d5b/files/14583495ff6cb946ffbbb1d1205a754f76d8e016e3df35bd54fd9c6c6107f10c [stream]
[debug] [2022-05-06T11:09:34.074Z] <<< [apiv2][status] POST https://upload-firebasehosting.googleapis.com/upload/sites/perfume-wear-house/versions/53ad652a17ea9d5b/files/51525cc777b7ac44f7b0405dede701f84b8c6f9d52e4e12dfdb576c0473c757b 200
[debug] [2022-05-06T11:09:34.075Z] <<< [apiv2][body] POST https://upload-firebasehosting.googleapis.com/upload/sites/perfume-wear-house/versions/53ad652a17ea9d5b/files/51525cc777b7ac44f7b0405dede701f84b8c6f9d52e4e12dfdb576c0473c757b [stream]
[debug] [2022-05-06T11:09:34.130Z] <<< [apiv2][status] POST https://upload-firebasehosting.googleapis.com/upload/sites/perfume-wear-house/versions/53ad652a17ea9d5b/files/551c9966ef243f1c40b7f40372affbc5850bf6507fb796965a07c38cd56c5c9d 200
[debug] [2022-05-06T11:09:34.131Z] <<< [apiv2][body] POST https://upload-firebasehosting.googleapis.com/upload/sites/perfume-wear-house/versions/53ad652a17ea9d5b/files/551c9966ef243f1c40b7f40372affbc5850bf6507fb796965a07c38cd56c5c9d [stream]
[debug] [2022-05-06T11:09:34.149Z] <<< [apiv2][status] POST https://upload-firebasehosting.googleapis.com/upload/sites/perfume-wear-house/versions/53ad652a17ea9d5b/files/1a317d16ddf8852e851b0e634f004b034df92f2ee94505302d5e55a02b31d6b7 200
[debug] [2022-05-06T11:09:34.149Z] <<< [apiv2][body] POST https://upload-firebasehosting.googleapis.com/upload/sites/perfume-wear-house/versions/53ad652a17ea9d5b/files/1a317d16ddf8852e851b0e634f004b034df92f2ee94505302d5e55a02b31d6b7 [stream]
[debug] [2022-05-06T11:09:34.244Z] <<< [apiv2][status] POST https://upload-firebasehosting.googleapis.com/upload/sites/perfume-wear-house/versions/53ad652a17ea9d5b/files/379aec9900349c92e1d1a6bcb4c0104546b2b9c5b6866615d828b219ae44d9d6 200
[debug] [2022-05-06T11:09:34.244Z] <<< [apiv2][body] POST https://upload-firebasehosting.googleapis.com/upload/sites/perfume-wear-house/versions/53ad652a17ea9d5b/files/379aec9900349c92e1d1a6bcb4c0104546b2b9c5b6866615d828b219ae44d9d6 [stream]
[debug] [2022-05-06T11:09:34.279Z] <<< [apiv2][status] POST https://upload-firebasehosting.googleapis.com/upload/sites/perfume-wear-house/versions/53ad652a17ea9d5b/files/b67ec67255f0664d54465c2006c613d456dffe2e74263757d4a9e903bd643333 200
[debug] [2022-05-06T11:09:34.279Z] <<< [apiv2][body] POST https://upload-firebasehosting.googleapis.com/upload/sites/perfume-wear-house/versions/53ad652a17ea9d5b/files/b67ec67255f0664d54465c2006c613d456dffe2e74263757d4a9e903bd643333 [stream]
[debug] [2022-05-06T11:09:34.532Z] <<< [apiv2][status] POST https://upload-firebasehosting.googleapis.com/upload/sites/perfume-wear-house/versions/53ad652a17ea9d5b/files/59441235c0fa49d9701d79562ba9466ca416ff80a34db1f94e38b27ce139abfb 200
[debug] [2022-05-06T11:09:34.532Z] <<< [apiv2][body] POST https://upload-firebasehosting.googleapis.com/upload/sites/perfume-wear-house/versions/53ad652a17ea9d5b/files/59441235c0fa49d9701d79562ba9466ca416ff80a34db1f94e38b27ce139abfb [stream]
[debug] [2022-05-06T11:09:34.543Z] <<< [apiv2][status] POST https://upload-firebasehosting.googleapis.com/upload/sites/perfume-wear-house/versions/53ad652a17ea9d5b/files/25e62479aadeade2e58a21ddda956757afc8a08f4769d6a65672fd9ae084b087 200
[debug] [2022-05-06T11:09:34.543Z] <<< [apiv2][body] POST https://upload-firebasehosting.googleapis.com/upload/sites/perfume-wear-house/versions/53ad652a17ea9d5b/files/25e62479aadeade2e58a21ddda956757afc8a08f4769d6a65672fd9ae084b087 [stream]
[debug] [2022-05-06T11:09:34.547Z] [hosting][upload queue][FINAL] {"max":3579,"min":1964,"avg":3094.8,"active":0,"complete":10,"success":10,"errored":0,"retried":0,"total":10,"elapsed":3584}
[info] +  hosting[perfume-wear-house]: file upload complete 
[debug] [2022-05-06T11:09:34.575Z] [hosting] deploy completed after 5685ms
[debug] [2022-05-06T11:09:34.588Z] [
  {
    "config": {
      "public": "build",
      "ignore": [
        "firebase.json",
        "**/.*",
        "**/node_modules/**"
      ],
      "rewrites": [
        {
          "source": "**",
          "destination": "/index.html"
        }
      ],
      "site": "perfume-wear-house"
    },
    "site": "perfume-wear-house",
    "version": "projects/767802881075/sites/perfume-wear-house/versions/53ad652a17ea9d5b"
  }
]
[info] i  hosting[perfume-wear-house]: finalizing version... 
[debug] [2022-05-06T11:09:34.610Z] >>> [apiv2][query] PATCH https://firebasehosting.googleapis.com/v1beta1/projects/767802881075/sites/perfume-wear-house/versions/53ad652a17ea9d5b updateMask=status
[debug] [2022-05-06T11:09:34.610Z] >>> [apiv2][body] PATCH https://firebasehosting.googleapis.com/v1beta1/projects/767802881075/sites/perfume-wear-house/versions/53ad652a17ea9d5b {"status":"FINALIZED"}
[debug] [2022-05-06T11:09:35.954Z] <<< [apiv2][status] PATCH https://firebasehosting.googleapis.com/v1beta1/projects/767802881075/sites/perfume-wear-house/versions/53ad652a17ea9d5b 200
[debug] [2022-05-06T11:09:35.954Z] <<< [apiv2][body] PATCH https://firebasehosting.googleapis.com/v1beta1/projects/767802881075/sites/perfume-wear-house/versions/53ad652a17ea9d5b {"name":"projects/767802881075/sites/perfume-wear-house/versions/53ad652a17ea9d5b","status":"FINALIZED","config":{"rewrites":[{"glob":"**","path":"/index.html"}]},"labels":{"deployment-tool":"cli-firebase"},"createTime":"2022-05-06T11:09:28.584434Z","createUser":{"email":"milonmridha570@gmail.com"},"finalizeTime":"2022-05-06T11:09:35.886870Z","finalizeUser":{"email":"milonmridha570@gmail.com"}}
[debug] [2022-05-06T11:09:35.954Z] [hosting] finalized version for perfume-wear-house:[object Object]
[info] +  hosting[perfume-wear-house]: version finalized 
[info] i  hosting[perfume-wear-house]: releasing new version... 
[debug] [2022-05-06T11:09:35.958Z] >>> [apiv2][query] POST https://firebasehosting.googleapis.com/v1beta1/projects/767802881075/sites/perfume-wear-house/releases versionName=projects%2F767802881075%2Fsites%2Fperfume-wear-house%2Fversions%2F53ad652a17ea9d5b
[debug] [2022-05-06T11:09:35.958Z] >>> [apiv2][body] POST https://firebasehosting.googleapis.com/v1beta1/projects/767802881075/sites/perfume-wear-house/releases {"message":null}
[debug] [2022-05-06T11:09:37.328Z] <<< [apiv2][status] POST https://firebasehosting.googleapis.com/v1beta1/projects/767802881075/sites/perfume-wear-house/releases 200
[debug] [2022-05-06T11:09:37.329Z] <<< [apiv2][body] POST https://firebasehosting.googleapis.com/v1beta1/projects/767802881075/sites/perfume-wear-house/releases {"name":"projects/767802881075/sites/perfume-wear-house/releases/1651835376707877","version":{"name":"projects/767802881075/sites/perfume-wear-house/versions/53ad652a17ea9d5b","status":"FINALIZED","config":{"rewrites":[{"glob":"**","path":"/index.html"}]},"labels":{"deployment-tool":"cli-firebase"},"createTime":"2022-05-06T11:09:28.584434Z","createUser":{"email":"milonmridha570@gmail.com","imageUrl":"https://lh3.googleusercontent.com/a-/AOh14Gi1trtKptN18QrhYPCn4ETi1wrlxPijSZ7qJK6L"},"finalizeTime":"2022-05-06T11:09:35.886870Z","finalizeUser":{"email":"milonmridha570@gmail.com","imageUrl":"https://lh3.googleusercontent.com/a-/AOh14Gi1trtKptN18QrhYPCn4ETi1wrlxPijSZ7qJK6L"}},"type":"DEPLOY","releaseTime":"2022-05-06T11:09:36.707877085Z","releaseUser":{"email":"milonmridha570@gmail.com","imageUrl":"https://lh3.googleusercontent.com/a-/AOh14Gi1trtKptN18QrhYPCn4ETi1wrlxPijSZ7qJK6L"}}
[debug] [2022-05-06T11:09:37.329Z] [hosting] release: {"name":"projects/767802881075/sites/perfume-wear-house/releases/1651835376707877","version":{"name":"projects/767802881075/sites/perfume-wear-house/versions/53ad652a17ea9d5b","status":"FINALIZED","config":{"rewrites":[{"glob":"**","path":"/index.html"}]},"labels":{"deployment-tool":"cli-firebase"},"createTime":"2022-05-06T11:09:28.584434Z","createUser":{"email":"milonmridha570@gmail.com","imageUrl":"https://lh3.googleusercontent.com/a-/AOh14Gi1trtKptN18QrhYPCn4ETi1wrlxPijSZ7qJK6L"},"finalizeTime":"2022-05-06T11:09:35.886870Z","finalizeUser":{"email":"milonmridha570@gmail.com","imageUrl":"https://lh3.googleusercontent.com/a-/AOh14Gi1trtKptN18QrhYPCn4ETi1wrlxPijSZ7qJK6L"}},"type":"DEPLOY","releaseTime":"2022-05-06T11:09:36.707877085Z","releaseUser":{"email":"milonmridha570@gmail.com","imageUrl":"https://lh3.googleusercontent.com/a-/AOh14Gi1trtKptN18QrhYPCn4ETi1wrlxPijSZ7qJK6L"}}
[info] +  hosting[perfume-wear-house]: release complete 
[info] 
[info] +  Deploy complete! 
[info] 
[info] Project Console: https://console.firebase.google.com/project/perfume-wear-house/overview
[info] Hosting URL: https://perfume-wear-house.web.app
